Arguments: 
  C:\Program Files\nodejs\node.exe C:\Program Files (x86)\Yarn\bin\yarn.js add mathssyfy@shared-utils

PATH: 
  C:\Perl64\site\bin;C:\Perl64\bin;C:\Program Files\ImageMagick-7.0.8-Q16;C:\Program Files (x86)\Python37-32\Scripts\;C:\Program Files (x86)\Python37-32\;C:\Python27\;C:\Python27\Scripts;C:\ProgramData\Boxstarter;C:\Windows\system32;C:\Windows;C:\Windows\System32\Wbem;C:\Windows\System32\WindowsPowerShell\v1.0\;C:\Windows\System32\OpenSSH\;C:\Program Files\MiKTeX 2.9\miktex\bin\x64\;C:\ProgramData\chocolatey\bin;C:\Program Files\Git\cmd;C:\Program Files\nodejs\;C:\Program Files (x86)\Yarn\bin\;C:\Users\couro\AppData\Local\Microsoft\WindowsApps;C:\Users\couro\AppData\Local\Pandoc\;C:\Users\couro\AppData\Local\GitHubDesktop\bin;C:\Users\couro\AppData\Roaming\npm;C:\Users\couro\AppData\Local\Yarn\bin;C:\Users\couro\AppData\Local\Programs\Microsoft VS Code\bin;C:\Users\couro\AppData\Roaming\Python\Python37\Scripts;C:\Users\couro\scoop\shims;C:\Users\couro\AppData\Local\Microsoft\WindowsApps;C:\Users\couro\AppData\Local\Pandoc\;C:\Users\couro\AppData\Local\GitHubDesktop\bin;C:\Users\couro\AppData\Roaming\npm;C:\Users\couro\AppData\Local\Yarn\bin;C:\Users\couro\AppData\Local\Programs\Microsoft VS Code\bin;C:\Users\couro\AppData\Local\atom\bin

Yarn version: 
  1.12.3

Node version: 
  11.5.0

Platform: 
  win32 x64

Trace: 
  Error: https://registry.yarnpkg.com/mathssyfy: Not found
      at Request.params.callback [as _callback] (C:\Program Files (x86)\Yarn\lib\cli.js:65003:18)
      at Request.self.callback (C:\Program Files (x86)\Yarn\lib\cli.js:129018:22)
      at Request.emit (events.js:189:13)
      at Request.<anonymous> (C:\Program Files (x86)\Yarn\lib\cli.js:129990:10)
      at Request.emit (events.js:189:13)
      at IncomingMessage.<anonymous> (C:\Program Files (x86)\Yarn\lib\cli.js:129912:12)
      at Object.onceWrapper (events.js:277:13)
      at IncomingMessage.emit (events.js:194:15)
      at endReadableNT (_stream_readable.js:1129:12)
      at process.internalTickCallback (internal/process/next_tick.js:72:19)

npm manifest: 
  {
    "name": "@mathssyfy/markdown",
    "version": "0.0.7-alpha.1",
    "description": "markdown package",
    "keywords": [
      "markdown",
      "markdown-it",
      "katex"
    ],
    "publishConfig": {
      "access": "public"
    },
    "author": "DavidCouronne <couronne.david@gmail.com>",
    "homepage": "https://github.com/DavidCouronne/mathssyfy#readme",
    "license": "MIT",
    "main": "lib/markdown.js",
    "directories": {
      "lib": "lib",
      "test": "__tests__"
    },
    "files": [
      "lib"
    ],
    "repository": {
      "type": "git",
      "url": "git+https://github.com/DavidCouronne/mathssyfy.git"
    },
    "scripts": {
      "test": "echo \"Error: run tests from root\" && exit 1"
    },
    "bugs": {
      "url": "https://github.com/DavidCouronne/mathssyfy/issues"
    },
    "gitHead": "2ed5e47eba4630247856858487e709c51df4ea4d",
    "dependencies": {
      "markdown-it": "^8.4.2",
      "markdown-it-anchor": "^5.0.2",
      "markdown-it-chain": "^1.3.0",
      "markdown-it-container": "^2.0.0",
      "markdown-it-emoji": "^1.4.0",
      "markdown-it-table-of-contents": "^0.4.3",
      "prismjs": "^1.15.0"
    }
  }

yarn manifest: 
  No manifest

Lockfile: 
  # THIS IS AN AUTOGENERATED FILE. DO NOT EDIT THIS FILE DIRECTLY.
  # yarn lockfile v1
  
  
  argparse@^1.0.7:
    version "1.0.10"
    resolved "https://registry.yarnpkg.com/argparse/-/argparse-1.0.10.tgz#bcd6791ea5ae09725e17e5ad988134cd40b3d911"
    integrity sha512-o5Roy6tNG4SL/FOkCAN6RzjiakZS25RLYFrcMttJqbdd8BWrnA+fGz57iN5Pb06pvBGvl5gQ0B48dJlslXvoTg==
    dependencies:
      sprintf-js "~1.0.2"
  
  clipboard@^2.0.0:
    version "2.0.4"
    resolved "https://registry.yarnpkg.com/clipboard/-/clipboard-2.0.4.tgz#836dafd66cf0fea5d71ce5d5b0bf6e958009112d"
    integrity sha512-Vw26VSLRpJfBofiVaFb/I8PVfdI1OxKcYShe6fm0sP/DtmiWQNCjhM/okTvdCo0G+lMMm1rMYbk4IK4x1X+kgQ==
    dependencies:
      good-listener "^1.2.2"
      select "^1.1.2"
      tiny-emitter "^2.0.0"
  
  deepmerge@^1.5.2:
    version "1.5.2"
    resolved "https://registry.yarnpkg.com/deepmerge/-/deepmerge-1.5.2.tgz#10499d868844cdad4fee0842df8c7f6f0c95a753"
    integrity sha512-95k0GDqvBjZavkuvzx/YqVLv/6YYa17fz6ILMSf7neqQITCPbnfEnQvEgMPNjH4kgobe7+WIL0yJEHku+H3qtQ==
  
  delegate@^3.1.2:
    version "3.2.0"
    resolved "https://registry.yarnpkg.com/delegate/-/delegate-3.2.0.tgz#b66b71c3158522e8ab5744f720d8ca0c2af59166"
    integrity sha512-IofjkYBZaZivn0V8nnsMJGBr4jVLxHDheKSW88PyxS5QC4Vo9ZbZVvhzlSxY87fVq3STR6r+4cGepyHkcWOQSw==
  
  entities@~1.1.1:
    version "1.1.2"
    resolved "https://registry.yarnpkg.com/entities/-/entities-1.1.2.tgz#bdfa735299664dfafd34529ed4f8522a275fea56"
    integrity sha512-f2LZMYl1Fzu7YSBKg+RoROelpOaNrcGmE9AZubeDfrCEia483oW4MI4VyFd5VNHIgQ/7qm1I0wUHK1eJnn2y2w==
  
  good-listener@^1.2.2:
    version "1.2.2"
    resolved "https://registry.yarnpkg.com/good-listener/-/good-listener-1.2.2.tgz#d53b30cdf9313dffb7dc9a0d477096aa6d145c50"
    integrity sha1-1TswzfkxPf+33JoNR3CWqm0UXFA=
    dependencies:
      delegate "^3.1.2"
  
  javascript-stringify@^1.6.0:
    version "1.6.0"
    resolved "https://registry.yarnpkg.com/javascript-stringify/-/javascript-stringify-1.6.0.tgz#142d111f3a6e3dae8f4a9afd77d45855b5a9cce3"
    integrity sha1-FC0RHzpuPa6PSpr9d9RYVbWpzOM=
  
  linkify-it@^2.0.0:
    version "2.1.0"
    resolved "https://registry.yarnpkg.com/linkify-it/-/linkify-it-2.1.0.tgz#c4caf38a6cd7ac2212ef3c7d2bde30a91561f9db"
    integrity sha512-4REs8/062kV2DSHxNfq5183zrqXMl7WP0WzABH9IeJI+NLm429FgE1PDecltYfnOoFDFlZGh2T8PfZn0r+GTRg==
    dependencies:
      uc.micro "^1.0.1"
  
  markdown-it-anchor@^5.0.2:
    version "5.0.2"
    resolved "https://registry.yarnpkg.com/markdown-it-anchor/-/markdown-it-anchor-5.0.2.tgz#cdd917a05b7bf92fb736a6dae3385c6d0d0fa552"
    integrity sha512-AFM/woBI8QDJMS/9+MmsBMT5/AR+ImfOsunQZTZhzcTmna3rIzAzbOh5E0l6mlFM/i9666BpUtkqQ9bS7WApCg==
  
  markdown-it-chain@^1.3.0:
    version "1.3.0"
    resolved "https://registry.yarnpkg.com/markdown-it-chain/-/markdown-it-chain-1.3.0.tgz#ccf6fe86c10266bafb4e547380dfd7f277cc17bc"
    integrity sha512-XClV8I1TKy8L2qsT9iX3qiV+50ZtcInGXI80CA+DP62sMs7hXlyV/RM3hfwy5O3Ad0sJm9xIwQELgANfESo8mQ==
    dependencies:
      webpack-chain "^4.9.0"
  
  markdown-it-container@^2.0.0:
    version "2.0.0"
    resolved "https://registry.yarnpkg.com/markdown-it-container/-/markdown-it-container-2.0.0.tgz#0019b43fd02eefece2f1960a2895fba81a404695"
    integrity sha1-ABm0P9Au7+zi8ZYKKJX7qBpARpU=
  
  markdown-it-emoji@^1.4.0:
    version "1.4.0"
    resolved "https://registry.yarnpkg.com/markdown-it-emoji/-/markdown-it-emoji-1.4.0.tgz#9bee0e9a990a963ba96df6980c4fddb05dfb4dcc"
    integrity sha1-m+4OmpkKljupbfaYDE/dsF37Tcw=
  
  markdown-it-table-of-contents@^0.4.3:
    version "0.4.3"
    resolved "https://registry.yarnpkg.com/markdown-it-table-of-contents/-/markdown-it-table-of-contents-0.4.3.tgz#6453925a76e49b9b3d9569a0d89f1c2168b46982"
    integrity sha512-x/OdaRzLYxAjmB+jIVlXuE3nX7tZTLDQxm58RkgjTLyQ+I290jYQvPS9cJjVN6SM3U6K6CHKYNgUtPNZmLblYQ==
  
  markdown-it@^8.4.2:
    version "8.4.2"
    resolved "https://registry.yarnpkg.com/markdown-it/-/markdown-it-8.4.2.tgz#386f98998dc15a37722aa7722084f4020bdd9b54"
    integrity sha512-GcRz3AWTqSUphY3vsUqQSFMbgR38a4Lh3GWlHRh/7MRwz8mcu9n2IO7HOh+bXHrR9kOPDl5RNCaEsrneb+xhHQ==
    dependencies:
      argparse "^1.0.7"
      entities "~1.1.1"
      linkify-it "^2.0.0"
      mdurl "^1.0.1"
      uc.micro "^1.0.5"
  
  mdurl@^1.0.1:
    version "1.0.1"
    resolved "https://registry.yarnpkg.com/mdurl/-/mdurl-1.0.1.tgz#fe85b2ec75a59037f2adfec100fd6c601761152e"
    integrity sha1-/oWy7HWlkDfyrf7BAP1sYBdhFS4=
  
  prismjs@^1.15.0:
    version "1.15.0"
    resolved "https://registry.yarnpkg.com/prismjs/-/prismjs-1.15.0.tgz#8801d332e472091ba8def94976c8877ad60398d9"
    integrity sha512-Lf2JrFYx8FanHrjoV5oL8YHCclLQgbJcVZR+gikGGMqz6ub5QVWDTM6YIwm3BuPxM/LOV+rKns3LssXNLIf+DA==
    optionalDependencies:
      clipboard "^2.0.0"
  
  select@^1.1.2:
    version "1.1.2"
    resolved "https://registry.yarnpkg.com/select/-/select-1.1.2.tgz#0e7350acdec80b1108528786ec1d4418d11b396d"
    integrity sha1-DnNQrN7ICxEIUoeG7B1EGNEbOW0=
  
  sprintf-js@~1.0.2:
    version "1.0.3"
    resolved "https://registry.yarnpkg.com/sprintf-js/-/sprintf-js-1.0.3.tgz#04e6926f662895354f3dd015203633b857297e2c"
    integrity sha1-BOaSb2YolTVPPdAVIDYzuFcpfiw=
  
  tiny-emitter@^2.0.0:
    version "2.0.2"
    resolved "https://registry.yarnpkg.com/tiny-emitter/-/tiny-emitter-2.0.2.tgz#82d27468aca5ade8e5fd1e6d22b57dd43ebdfb7c"
    integrity sha512-2NM0auVBGft5tee/OxP4PI3d8WItkDM+fPnaRAVo6xTDI2knbz9eC5ArWGqtGlYqiH3RU5yMpdyTTO7MguC4ow==
  
  uc.micro@^1.0.1, uc.micro@^1.0.5:
    version "1.0.5"
    resolved "https://registry.yarnpkg.com/uc.micro/-/uc.micro-1.0.5.tgz#0c65f15f815aa08b560a61ce8b4db7ffc3f45376"
    integrity sha512-JoLI4g5zv5qNyT09f4YAvEZIIV1oOjqnewYg5D38dkQljIzpPT296dbIGvKro3digYI1bkb7W6EP1y4uDlmzLg==
  
  webpack-chain@^4.9.0:
    version "4.12.1"
    resolved "https://registry.yarnpkg.com/webpack-chain/-/webpack-chain-4.12.1.tgz#6c8439bbb2ab550952d60e1ea9319141906c02a6"
    integrity sha512-BCfKo2YkDe2ByqkEWe1Rw+zko4LsyS75LVr29C6xIrxAg9JHJ4pl8kaIZ396SUSNp6b4815dRZPSTAS8LlURRQ==
    dependencies:
      deepmerge "^1.5.2"
      javascript-stringify "^1.6.0"
